<?xml version="1.0" encoding="UTF-8"?>
<testng-results skipped="0" failed="4" ignored="1" total="5" passed="0">
  <reporter-output>
    <line>
      <![CDATA[Opening the URL failed]]>
    </line>
    <line>
      <![CDATA[login failed]]>
    </line>
    <line>
      <![CDATA[Failed to Click in lnkLaunchWebInterface]]>
    </line>
    <line>
      <![CDATA[Failed to Click in lnkEngineDesignerPortal]]>
    </line>
    <line>
      <![CDATA[Failed to Click in lnkDdefineBrain]]>
    </line>
    <line>
      <![CDATA[Failed to Click in btnCreatenewVersion]]>
    </line>
    <line>
      <![CDATA[Failed to EnterSophie_Auto_328 intxtShortDesc]]>
    </line>
    <line>
      <![CDATA[Failed to EnterCreated as part of automation intxtVersionNotes]]>
    </line>
    <line>
      <![CDATA[Failed to Click in imgBtnNext]]>
    </line>
    <line>
      <![CDATA[Opening the URL failed]]>
    </line>
    <line>
      <![CDATA[login failed]]>
    </line>
    <line>
      <![CDATA[Failed to Click in lnkLaunchWebInterface]]>
    </line>
    <line>
      <![CDATA[Failed to Click in lnkEngineDesignerPortal]]>
    </line>
    <line>
      <![CDATA[Failed to Click in lnkDdefineBrain]]>
    </line>
    <line>
      <![CDATA[Failed to Click in btnCreatenewVersion]]>
    </line>
    <line>
      <![CDATA[Failed to EnterSophie_NoEmail_ButIB_329 intxtShortDesc]]>
    </line>
    <line>
      <![CDATA[Failed to EnterCreated as part of automation intxtVersionNotes]]>
    </line>
    <line>
      <![CDATA[Failed to Click in imgBtnNext]]>
    </line>
    <line>
      <![CDATA[Opening the URL failed]]>
    </line>
    <line>
      <![CDATA[login failed]]>
    </line>
    <line>
      <![CDATA[Failed to Click in lnkLaunchWebInterface]]>
    </line>
    <line>
      <![CDATA[Failed to Click in lnkEngineDesignerPortal]]>
    </line>
    <line>
      <![CDATA[Failed to Click in lnkTechAdmin]]>
    </line>
    <line>
      <![CDATA[Failed to Click in btnClearIH]]>
    </line>
    <line>
      <![CDATA[Failed to Click in btnResetEngStat]]>
    </line>
    <line>
      <![CDATA[Failed to Click in lnkDdefineBrain]]>
    </line>
    <line>
      <![CDATA[Failed to Click in btnCreatenewVersion]]>
    </line>
    <line>
      <![CDATA[Failed to EnterSophie_API_integration intxtShortDesc]]>
    </line>
    <line>
      <![CDATA[Failed to EnterSophie_API_integration intxtVersionNotes]]>
    </line>
    <line>
      <![CDATA[Failed to Click in imgBtnNext]]>
    </line>
    <line>
      <![CDATA[Opening the URL failed]]>
    </line>
    <line>
      <![CDATA[login failed]]>
    </line>
    <line>
      <![CDATA[Failed to Click in lnkLaunchWebInterface]]>
    </line>
    <line>
      <![CDATA[Failed to Click in lnkEngineDesignerPortal]]>
    </line>
    <line>
      <![CDATA[Failed to Click in lnkDdefineBrain]]>
    </line>
    <line>
      <![CDATA[Failed to Click in btnCreatenewVersion]]>
    </line>
    <line>
      <![CDATA[Failed to EnterDelete_offer intxtShortDesc]]>
    </line>
    <line>
      <![CDATA[Failed to EnterCreated as part of automation intxtVersionNotes]]>
    </line>
    <line>
      <![CDATA[Failed to Click in imgBtnNext]]>
    </line>
  </reporter-output>
  <suite name="Default suite" duration-ms="137081" started-at="2019-05-21T06:36:14Z" finished-at="2019-05-21T06:38:31Z">
    <groups>
    </groups>
    <test name="Default test" duration-ms="137081" started-at="2019-05-21T06:36:14Z" finished-at="2019-05-21T06:38:31Z">
      <class name="regressionTests.RegressionCases">
        <test-method status="PASS" signature="setUp()[pri:0, instance:regressionTests.RegressionCases@6eceb130]" name="setUp" is-config="true" duration-ms="35" started-at="2019-05-21T06:36:14Z" finished-at="2019-05-21T06:36:14Z">
          <reporter-output>
          </reporter-output>
        </test-method> <!-- setUp -->
        <test-method status="FAIL" signature="Verify_DownloadedCSV_For_Existing_Version()[pri:1, instance:regressionTests.RegressionCases@6eceb130]" name="Verify_DownloadedCSV_For_Existing_Version" duration-ms="32246" started-at="2019-05-21T06:36:14Z" finished-at="2019-05-21T06:36:46Z">
          <exception class="java.lang.NullPointerException">
            <full-stacktrace>
              <![CDATA[java.lang.NullPointerException
at driver.ActionClass.checkboxSelect(ActionClass.java:823)
at driver.DriverEngine.mainMethod(DriverEngine.java:260)
at regressionTests.RegressionCases.Verify_DownloadedCSV_For_Existing_Version(RegressionCases.java:70)
at sun.reflect.NativeMethodAccessorImpl.invoke0(Native Method)
at sun.reflect.NativeMethodAccessorImpl.invoke(NativeMethodAccessorImpl.java:62)
at sun.reflect.DelegatingMethodAccessorImpl.invoke(DelegatingMethodAccessorImpl.java:43)
at java.lang.reflect.Method.invoke(Method.java:498)
at org.testng.internal.MethodInvocationHelper.invokeMethod(MethodInvocationHelper.java:124)
at org.testng.internal.Invoker.invokeMethod(Invoker.java:583)
at org.testng.internal.Invoker.invokeTestMethod(Invoker.java:719)
at org.testng.internal.Invoker.invokeTestMethods(Invoker.java:989)
at org.testng.internal.TestMethodWorker.invokeTestMethods(TestMethodWorker.java:125)
at org.testng.internal.TestMethodWorker.run(TestMethodWorker.java:109)
at org.testng.TestRunner.privateRun(TestRunner.java:648)
at org.testng.TestRunner.run(TestRunner.java:505)
at org.testng.SuiteRunner.runTest(SuiteRunner.java:455)
at org.testng.SuiteRunner.runSequentially(SuiteRunner.java:450)
at org.testng.SuiteRunner.privateRun(SuiteRunner.java:415)
at org.testng.SuiteRunner.run(SuiteRunner.java:364)
at org.testng.SuiteRunnerWorker.runSuite(SuiteRunnerWorker.java:52)
at org.testng.SuiteRunnerWorker.run(SuiteRunnerWorker.java:84)
at org.testng.TestNG.runSuitesSequentially(TestNG.java:1208)
at org.testng.TestNG.runSuitesLocally(TestNG.java:1137)
at org.testng.TestNG.runSuites(TestNG.java:1049)
at org.testng.TestNG.run(TestNG.java:1017)
at org.testng.remote.AbstractRemoteTestNG.run(AbstractRemoteTestNG.java:114)
at org.testng.remote.RemoteTestNG.initAndRun(RemoteTestNG.java:251)
at org.testng.remote.RemoteTestNG.main(RemoteTestNG.java:77)
]]>
            </full-stacktrace>
          </exception> <!-- java.lang.NullPointerException -->
          <reporter-output>
            <line>
              <![CDATA[Opening the URL failed]]>
            </line>
            <line>
              <![CDATA[login failed]]>
            </line>
            <line>
              <![CDATA[Failed to Click in lnkLaunchWebInterface]]>
            </line>
            <line>
              <![CDATA[Failed to Click in lnkEngineDesignerPortal]]>
            </line>
            <line>
              <![CDATA[Failed to Click in lnkDdefineBrain]]>
            </line>
            <line>
              <![CDATA[Failed to Click in btnCreatenewVersion]]>
            </line>
            <line>
              <![CDATA[Failed to EnterSophie_Auto_328 intxtShortDesc]]>
            </line>
            <line>
              <![CDATA[Failed to EnterCreated as part of automation intxtVersionNotes]]>
            </line>
            <line>
              <![CDATA[Failed to Click in imgBtnNext]]>
            </line>
          </reporter-output>
        </test-method> <!-- Verify_DownloadedCSV_For_Existing_Version -->
        <test-method status="FAIL" signature="Verify_DownloadedCSV_For_New_version()[pri:2, instance:regressionTests.RegressionCases@6eceb130]" name="Verify_DownloadedCSV_For_New_version" duration-ms="32756" started-at="2019-05-21T06:36:46Z" finished-at="2019-05-21T06:37:19Z">
          <exception class="java.lang.NullPointerException">
            <full-stacktrace>
              <![CDATA[java.lang.NullPointerException
at driver.ActionClass.checkboxSelect(ActionClass.java:823)
at driver.DriverEngine.mainMethod(DriverEngine.java:260)
at regressionTests.RegressionCases.Verify_DownloadedCSV_For_New_version(RegressionCases.java:80)
at sun.reflect.NativeMethodAccessorImpl.invoke0(Native Method)
at sun.reflect.NativeMethodAccessorImpl.invoke(NativeMethodAccessorImpl.java:62)
at sun.reflect.DelegatingMethodAccessorImpl.invoke(DelegatingMethodAccessorImpl.java:43)
at java.lang.reflect.Method.invoke(Method.java:498)
at org.testng.internal.MethodInvocationHelper.invokeMethod(MethodInvocationHelper.java:124)
at org.testng.internal.Invoker.invokeMethod(Invoker.java:583)
at org.testng.internal.Invoker.invokeTestMethod(Invoker.java:719)
at org.testng.internal.Invoker.invokeTestMethods(Invoker.java:989)
at org.testng.internal.TestMethodWorker.invokeTestMethods(TestMethodWorker.java:125)
at org.testng.internal.TestMethodWorker.run(TestMethodWorker.java:109)
at org.testng.TestRunner.privateRun(TestRunner.java:648)
at org.testng.TestRunner.run(TestRunner.java:505)
at org.testng.SuiteRunner.runTest(SuiteRunner.java:455)
at org.testng.SuiteRunner.runSequentially(SuiteRunner.java:450)
at org.testng.SuiteRunner.privateRun(SuiteRunner.java:415)
at org.testng.SuiteRunner.run(SuiteRunner.java:364)
at org.testng.SuiteRunnerWorker.runSuite(SuiteRunnerWorker.java:52)
at org.testng.SuiteRunnerWorker.run(SuiteRunnerWorker.java:84)
at org.testng.TestNG.runSuitesSequentially(TestNG.java:1208)
at org.testng.TestNG.runSuitesLocally(TestNG.java:1137)
at org.testng.TestNG.runSuites(TestNG.java:1049)
at org.testng.TestNG.run(TestNG.java:1017)
at org.testng.remote.AbstractRemoteTestNG.run(AbstractRemoteTestNG.java:114)
at org.testng.remote.RemoteTestNG.initAndRun(RemoteTestNG.java:251)
at org.testng.remote.RemoteTestNG.main(RemoteTestNG.java:77)
]]>
            </full-stacktrace>
          </exception> <!-- java.lang.NullPointerException -->
          <reporter-output>
            <line>
              <![CDATA[Opening the URL failed]]>
            </line>
            <line>
              <![CDATA[login failed]]>
            </line>
            <line>
              <![CDATA[Failed to Click in lnkLaunchWebInterface]]>
            </line>
            <line>
              <![CDATA[Failed to Click in lnkEngineDesignerPortal]]>
            </line>
            <line>
              <![CDATA[Failed to Click in lnkDdefineBrain]]>
            </line>
            <line>
              <![CDATA[Failed to Click in btnCreatenewVersion]]>
            </line>
            <line>
              <![CDATA[Failed to EnterSophie_NoEmail_ButIB_329 intxtShortDesc]]>
            </line>
            <line>
              <![CDATA[Failed to EnterCreated as part of automation intxtVersionNotes]]>
            </line>
            <line>
              <![CDATA[Failed to Click in imgBtnNext]]>
            </line>
          </reporter-output>
        </test-method> <!-- Verify_DownloadedCSV_For_New_version -->
        <test-method status="FAIL" signature="Verify_RealTimeEvent_API_Response_For_NewEvent()[pri:3, instance:regressionTests.RegressionCases@6eceb130]" name="Verify_RealTimeEvent_API_Response_For_NewEvent" duration-ms="40094" started-at="2019-05-21T06:37:19Z" finished-at="2019-05-21T06:37:59Z">
          <exception class="java.lang.NullPointerException">
            <full-stacktrace>
              <![CDATA[java.lang.NullPointerException
at driver.ActionClass.checkboxSelect(ActionClass.java:823)
at driver.DriverEngine.mainMethod(DriverEngine.java:260)
at regressionTests.RegressionCases.Verify_RealTimeEvent_API_Response_For_NewEvent(RegressionCases.java:86)
at sun.reflect.NativeMethodAccessorImpl.invoke0(Native Method)
at sun.reflect.NativeMethodAccessorImpl.invoke(NativeMethodAccessorImpl.java:62)
at sun.reflect.DelegatingMethodAccessorImpl.invoke(DelegatingMethodAccessorImpl.java:43)
at java.lang.reflect.Method.invoke(Method.java:498)
at org.testng.internal.MethodInvocationHelper.invokeMethod(MethodInvocationHelper.java:124)
at org.testng.internal.Invoker.invokeMethod(Invoker.java:583)
at org.testng.internal.Invoker.invokeTestMethod(Invoker.java:719)
at org.testng.internal.Invoker.invokeTestMethods(Invoker.java:989)
at org.testng.internal.TestMethodWorker.invokeTestMethods(TestMethodWorker.java:125)
at org.testng.internal.TestMethodWorker.run(TestMethodWorker.java:109)
at org.testng.TestRunner.privateRun(TestRunner.java:648)
at org.testng.TestRunner.run(TestRunner.java:505)
at org.testng.SuiteRunner.runTest(SuiteRunner.java:455)
at org.testng.SuiteRunner.runSequentially(SuiteRunner.java:450)
at org.testng.SuiteRunner.privateRun(SuiteRunner.java:415)
at org.testng.SuiteRunner.run(SuiteRunner.java:364)
at org.testng.SuiteRunnerWorker.runSuite(SuiteRunnerWorker.java:52)
at org.testng.SuiteRunnerWorker.run(SuiteRunnerWorker.java:84)
at org.testng.TestNG.runSuitesSequentially(TestNG.java:1208)
at org.testng.TestNG.runSuitesLocally(TestNG.java:1137)
at org.testng.TestNG.runSuites(TestNG.java:1049)
at org.testng.TestNG.run(TestNG.java:1017)
at org.testng.remote.AbstractRemoteTestNG.run(AbstractRemoteTestNG.java:114)
at org.testng.remote.RemoteTestNG.initAndRun(RemoteTestNG.java:251)
at org.testng.remote.RemoteTestNG.main(RemoteTestNG.java:77)
]]>
            </full-stacktrace>
          </exception> <!-- java.lang.NullPointerException -->
          <reporter-output>
            <line>
              <![CDATA[Opening the URL failed]]>
            </line>
            <line>
              <![CDATA[login failed]]>
            </line>
            <line>
              <![CDATA[Failed to Click in lnkLaunchWebInterface]]>
            </line>
            <line>
              <![CDATA[Failed to Click in lnkEngineDesignerPortal]]>
            </line>
            <line>
              <![CDATA[Failed to Click in lnkTechAdmin]]>
            </line>
            <line>
              <![CDATA[Failed to Click in btnClearIH]]>
            </line>
            <line>
              <![CDATA[Failed to Click in btnResetEngStat]]>
            </line>
            <line>
              <![CDATA[Failed to Click in lnkDdefineBrain]]>
            </line>
            <line>
              <![CDATA[Failed to Click in btnCreatenewVersion]]>
            </line>
            <line>
              <![CDATA[Failed to EnterSophie_API_integration intxtShortDesc]]>
            </line>
            <line>
              <![CDATA[Failed to EnterSophie_API_integration intxtVersionNotes]]>
            </line>
            <line>
              <![CDATA[Failed to Click in imgBtnNext]]>
            </line>
          </reporter-output>
        </test-method> <!-- Verify_RealTimeEvent_API_Response_For_NewEvent -->
        <test-method status="FAIL" signature="Verify_Deleted_Offer_Is_Not_Present_In_CSV()[pri:4, instance:regressionTests.RegressionCases@6eceb130]" name="Verify_Deleted_Offer_Is_Not_Present_In_CSV" duration-ms="31932" started-at="2019-05-21T06:37:59Z" finished-at="2019-05-21T06:38:31Z">
          <exception class="java.lang.NullPointerException">
            <full-stacktrace>
              <![CDATA[java.lang.NullPointerException
at driver.ActionClass.checkboxSelect(ActionClass.java:823)
at driver.DriverEngine.mainMethod(DriverEngine.java:260)
at regressionTests.RegressionCases.Verify_Deleted_Offer_Is_Not_Present_In_CSV(RegressionCases.java:92)
at sun.reflect.NativeMethodAccessorImpl.invoke0(Native Method)
at sun.reflect.NativeMethodAccessorImpl.invoke(NativeMethodAccessorImpl.java:62)
at sun.reflect.DelegatingMethodAccessorImpl.invoke(DelegatingMethodAccessorImpl.java:43)
at java.lang.reflect.Method.invoke(Method.java:498)
at org.testng.internal.MethodInvocationHelper.invokeMethod(MethodInvocationHelper.java:124)
at org.testng.internal.Invoker.invokeMethod(Invoker.java:583)
at org.testng.internal.Invoker.invokeTestMethod(Invoker.java:719)
at org.testng.internal.Invoker.invokeTestMethods(Invoker.java:989)
at org.testng.internal.TestMethodWorker.invokeTestMethods(TestMethodWorker.java:125)
at org.testng.internal.TestMethodWorker.run(TestMethodWorker.java:109)
at org.testng.TestRunner.privateRun(TestRunner.java:648)
at org.testng.TestRunner.run(TestRunner.java:505)
at org.testng.SuiteRunner.runTest(SuiteRunner.java:455)
at org.testng.SuiteRunner.runSequentially(SuiteRunner.java:450)
at org.testng.SuiteRunner.privateRun(SuiteRunner.java:415)
at org.testng.SuiteRunner.run(SuiteRunner.java:364)
at org.testng.SuiteRunnerWorker.runSuite(SuiteRunnerWorker.java:52)
at org.testng.SuiteRunnerWorker.run(SuiteRunnerWorker.java:84)
at org.testng.TestNG.runSuitesSequentially(TestNG.java:1208)
at org.testng.TestNG.runSuitesLocally(TestNG.java:1137)
at org.testng.TestNG.runSuites(TestNG.java:1049)
at org.testng.TestNG.run(TestNG.java:1017)
at org.testng.remote.AbstractRemoteTestNG.run(AbstractRemoteTestNG.java:114)
at org.testng.remote.RemoteTestNG.initAndRun(RemoteTestNG.java:251)
at org.testng.remote.RemoteTestNG.main(RemoteTestNG.java:77)
]]>
            </full-stacktrace>
          </exception> <!-- java.lang.NullPointerException -->
          <reporter-output>
            <line>
              <![CDATA[Opening the URL failed]]>
            </line>
            <line>
              <![CDATA[login failed]]>
            </line>
            <line>
              <![CDATA[Failed to Click in lnkLaunchWebInterface]]>
            </line>
            <line>
              <![CDATA[Failed to Click in lnkEngineDesignerPortal]]>
            </line>
            <line>
              <![CDATA[Failed to Click in lnkDdefineBrain]]>
            </line>
            <line>
              <![CDATA[Failed to Click in btnCreatenewVersion]]>
            </line>
            <line>
              <![CDATA[Failed to EnterDelete_offer intxtShortDesc]]>
            </line>
            <line>
              <![CDATA[Failed to EnterCreated as part of automation intxtVersionNotes]]>
            </line>
            <line>
              <![CDATA[Failed to Click in imgBtnNext]]>
            </line>
          </reporter-output>
        </test-method> <!-- Verify_Deleted_Offer_Is_Not_Present_In_CSV -->
      </class> <!-- regressionTests.RegressionCases -->
    </test> <!-- Default test -->
  </suite> <!-- Default suite -->
</testng-results>
